<?xml version="1.0" encoding="UTF-8"?>
<!-- Generated by org.testng.reporters.JUnitReportReporter -->
<testsuite skipped="0" hostname="DESKTOP-0COA28K" name="test1" tests="1" failures="0" timestamp="2021-08-30T21:25:02 PDT" time="0.006" errors="0">
  <testcase name="regular" time="0.006" classname="test1"/>
  <system-out/>
</testsuite> <!-- test1 -->
