<?xml version="1.0" encoding="UTF-8"?>
<!-- Generated by org.testng.reporters.JUnitReportReporter -->
<testsuite skipped="0" hostname="DESKTOP-0COA28K" name="test1" tests="2" failures="0" timestamp="2021-09-03T15:23:11 PDT" time="0.013" errors="0">
  <testcase name="addNum" time="0.011" classname="test1"/>
  <system-out/>
  <testcase name="regular" time="0.002" classname="test1"/>
  <system-out/>
</testsuite> <!-- test1 -->
